Ivan_Jimenez_Mastermind/android/build/intermediates/manifest_merge_blame_file/debug/processDebugMainManifest/manifest-merger-blame-debug-report.txt
1<?xml version="1.0" encoding="utf-8"?>
2<manifest xmlns:android="http://schemas.android.com/apk/res/android"
3    package="com.example.ivanmastermind"
4    android:versionCode="1"
5    android:versionName="1.0" >
6
7    <uses-sdk
8        android:minSdkVersion="19"
9        android:targetSdkVersion="34" />
10
11    <uses-feature
11-->Ivan_Jimenez_Mastermind\android\AndroidManifest.xml:4:3-75
12        android:glEsVersion="0x00020000"
12-->Ivan_Jimenez_Mastermind\android\AndroidManifest.xml:4:17-49
13        android:required="true" />
13-->Ivan_Jimenez_Mastermind\android\AndroidManifest.xml:4:50-73
14
15    <application
15-->Ivan_Jimenez_Mastermind\android\AndroidManifest.xml:5:3-24:17
16        android:allowBackup="true"
16-->Ivan_Jimenez_Mastermind\android\AndroidManifest.xml:6:7-33
17        android:appCategory="game"
17-->Ivan_Jimenez_Mastermind\android\AndroidManifest.xml:10:7-33
18        android:debuggable="true"
19        android:extractNativeLibs="true"
20        android:fullBackupContent="true"
20-->Ivan_Jimenez_Mastermind\android\AndroidManifest.xml:7:7-39
21        android:icon="@drawable/ic_launcher"
21-->Ivan_Jimenez_Mastermind\android\AndroidManifest.xml:8:7-43
22        android:isGame="true"
22-->Ivan_Jimenez_Mastermind\android\AndroidManifest.xml:9:7-28
23        android:label="@string/app_name"
23-->Ivan_Jimenez_Mastermind\android\AndroidManifest.xml:11:7-39
24        android:testOnly="true"
25        android:theme="@style/GdxTheme" >
25-->Ivan_Jimenez_Mastermind\android\AndroidManifest.xml:13:7-38
26        <activity
26-->Ivan_Jimenez_Mastermind\android\AndroidManifest.xml:14:5-23:16
27            android:name="com.example.ivanmastermind.android.AndroidLauncher"
27-->Ivan_Jimenez_Mastermind\android\AndroidManifest.xml:15:9-74
28            android:configChanges="keyboard|keyboardHidden|navigation|orientation|screenSize|screenLayout"
28-->Ivan_Jimenez_Mastermind\android\AndroidManifest.xml:17:9-103
29            android:exported="true"
29-->Ivan_Jimenez_Mastermind\android\AndroidManifest.xml:18:9-32
30            android:label="@string/app_name" >
30-->Ivan_Jimenez_Mastermind\android\AndroidManifest.xml:16:9-41
31            <intent-filter>
31-->Ivan_Jimenez_Mastermind\android\AndroidManifest.xml:19:9-22:23
32                <action android:name="android.intent.action.MAIN" />
32-->Ivan_Jimenez_Mastermind\android\AndroidManifest.xml:20:9-60
32-->Ivan_Jimenez_Mastermind\android\AndroidManifest.xml:20:17-58
33
34                <category android:name="android.intent.category.LAUNCHER" />
34-->Ivan_Jimenez_Mastermind\android\AndroidManifest.xml:21:9-68
34-->Ivan_Jimenez_Mastermind\android\AndroidManifest.xml:21:19-66
35            </intent-filter>
36        </activity>
37    </application>
38
39</manifest>